<?xml version="1.0" encoding="UTF-8"?>
<testng-results ignored="0" total="1" passed="1" failed="0" skipped="0">
  <reporter-output>
  </reporter-output>
  <suite started-at="2022-10-11T10:16:41 IST" name="Default suite" finished-at="2022-10-11T10:16:58 IST" duration-ms="16620">
    <groups>
    </groups>
    <test started-at="2022-10-11T10:16:41 IST" name="Default test" finished-at="2022-10-11T10:16:58 IST" duration-ms="16620">
      <class name="chinna.fratello.Dummy">
        <test-method is-config="true" signature="open_browser()[pri:0, instance:chinna.fratello.Dummy@957e06]" started-at="2022-10-11T10:16:41 IST" name="open_browser" finished-at="2022-10-11T10:16:48 IST" duration-ms="7061" status="PASS">
          <reporter-output>
          </reporter-output>
        </test-method> <!-- open_browser -->
        <test-method signature="open_Dummypoint()[pri:0, instance:chinna.fratello.Dummy@957e06]" started-at="2022-10-11T10:16:49 IST" name="open_Dummypoint" finished-at="2022-10-11T10:16:58 IST" duration-ms="9400" status="PASS">
          <reporter-output>
          </reporter-output>
        </test-method> <!-- open_Dummypoint -->
      </class> <!-- chinna.fratello.Dummy -->
    </test> <!-- Default test -->
  </suite> <!-- Default suite -->
</testng-results>
